Traceback (most recent call last):
  File "/Users/kennyzhu/Documents/dataVizz-Jbook/.venv/lib/python3.11/site-packages/jupyter_cache/executors/utils.py", line 58, in single_nb_execution
    executenb(
  File "/Users/kennyzhu/Documents/dataVizz-Jbook/.venv/lib/python3.11/site-packages/nbclient/client.py", line 1314, in execute
    return NotebookClient(nb=nb, resources=resources, km=km, **kwargs).execute()
           ^^^^^^^^^^^^^^^^^^^^^^^^^^^^^^^^^^^^^^^^^^^^^^^^^^^^^^^^^^^^^^^^^^^^^
  File "/Users/kennyzhu/Documents/dataVizz-Jbook/.venv/lib/python3.11/site-packages/jupyter_core/utils/__init__.py", line 165, in wrapped
    return loop.run_until_complete(inner)
           ^^^^^^^^^^^^^^^^^^^^^^^^^^^^^^
  File "/Library/Frameworks/Python.framework/Versions/3.11/lib/python3.11/asyncio/base_events.py", line 653, in run_until_complete
    return future.result()
           ^^^^^^^^^^^^^^^
  File "/Users/kennyzhu/Documents/dataVizz-Jbook/.venv/lib/python3.11/site-packages/nbclient/client.py", line 709, in async_execute
    await self.async_execute_cell(
  File "/Users/kennyzhu/Documents/dataVizz-Jbook/.venv/lib/python3.11/site-packages/nbclient/client.py", line 1062, in async_execute_cell
    await self._check_raise_for_error(cell, cell_index, exec_reply)
  File "/Users/kennyzhu/Documents/dataVizz-Jbook/.venv/lib/python3.11/site-packages/nbclient/client.py", line 918, in _check_raise_for_error
    raise CellExecutionError.from_cell_and_msg(cell, exec_reply_content)
nbclient.exceptions.CellExecutionError: An error occurred while executing the following cell:
------------------
residuals = results.resid

# Gráfico de los residuos
plt.figure(figsize=(10, 6))
plt.plot(residuals)
plt.title('Gráfico de Residuos')
plt.show()

# Gráfico de densidad de los residuos
plt.figure(figsize=(10, 6))
residuals.plot(kind='kde')
plt.title('Gráfico de Densidad de Residuos')
plt.show()

# Gráfico Q-Q para normalidad
plt.figure(figsize=(10, 6))
stats.probplot(residuals, dist="norm", plot=plt)
plt.title('Gráfico Q-Q para Normalidad')
plt.show()

# ACF y PACF de los residuos
plt.figure(figsize=(12, 6))
plot_acf(residuals, ax=plt.subplot(121))
plot_pacf(residuals, ax=plt.subplot(122))
plt.suptitle('ACF y PACF de Residuos')
plt.show()

# Prueba de Ljung-Box para autocorrelación
lb_test_stat, lb_p_value = acorr_ljungbox(residuals, lags=[10])
print(f'Estadístico de prueba Ljung-Box: {lb_test_stat}')
print(f'p-value: {lb_p_value}')

# Prueba de Dickey-Fuller para estacionariedad
adf_test_stat, adf_p_value, _, _, adf_critical_values, _ = adfuller(residuals)
print(f'Estadístico de prueba Dickey-Fuller: {adf_test_stat}')
print(f'p-value: {adf_p_value}')
print('Valores críticos:')
for key, value in adf_critical_values.items():
    print(f'{key}: {value}')

# Prueba de normalidad
_, normality_p_value = stats.normaltest(residuals)
print(f'p-value de la prueba de normalidad: {normality_p_value}')
------------------


[0;31m---------------------------------------------------------------------------[0m
[0;31mNameError[0m                                 Traceback (most recent call last)
Cell [0;32mIn[26], line 24[0m
[1;32m     22[0m plt[38;5;241m.[39mfigure(figsize[38;5;241m=[39m([38;5;241m12[39m, [38;5;241m6[39m))
[1;32m     23[0m plot_acf(residuals, ax[38;5;241m=[39mplt[38;5;241m.[39msubplot([38;5;241m121[39m))
[0;32m---> 24[0m [43mplot_pacf[49m(residuals, ax[38;5;241m=[39mplt[38;5;241m.[39msubplot([38;5;241m122[39m))
[1;32m     25[0m plt[38;5;241m.[39msuptitle([38;5;124m'[39m[38;5;124mACF y PACF de Residuos[39m[38;5;124m'[39m)
[1;32m     26[0m plt[38;5;241m.[39mshow()

[0;31mNameError[0m: name 'plot_pacf' is not defined

